<?xml version="1.0" encoding="UTF-8"?>
<testsuite xmlns:xsi="http://www.w3.org/2001/XMLSchema-instance" xsi:noNamespaceSchemaLocation="https://maven.apache.org/surefire/maven-surefire-plugin/xsd/surefire-test-report-3.0.xsd" version="3.0" name="com.bskoczylas.modelinglegalreasoning.domain.models.facade.logicApp.agent.ListAgentTest" time="0.942" tests="8" errors="0" skipped="0" failures="0">
  <properties>
    <property name="java.specification.version" value="18"/>
    <property name="sun.jnu.encoding" value="UTF-8"/>
    <property name="java.class.path" value="/media/bartlomiejskoczylas/ksztalcenie/magisterka/Modelowanie_Wnioskowania_prawniczego/ModelingLegalReasoning/target/test-classes:/home/bartlomiejskoczylas/.m2/repository/org/openjfx/javafx-controls/18.0.2/javafx-controls-18.0.2.jar:/home/bartlomiejskoczylas/.m2/repository/org/openjfx/javafx-graphics/18.0.2/javafx-graphics-18.0.2.jar:/home/bartlomiejskoczylas/.m2/repository/org/openjfx/javafx-base/18.0.2/javafx-base-18.0.2.jar:/home/bartlomiejskoczylas/.m2/repository/org/openjfx/javafx-fxml/18.0.2/javafx-fxml-18.0.2.jar:/home/bartlomiejskoczylas/.m2/repository/org/openjfx/javafx-web/18.0.2/javafx-web-18.0.2.jar:/home/bartlomiejskoczylas/.m2/repository/eu/hansolo/medusa/16.0.1/medusa-16.0.1.jar:/home/bartlomiejskoczylas/.m2/repository/org/apache/pdfbox/fontbox/2.0.24/fontbox-2.0.24.jar:/home/bartlomiejskoczylas/.m2/repository/commons-logging/commons-logging/1.2/commons-logging-1.2.jar:/home/bartlomiejskoczylas/.m2/repository/org/junit/jupiter/junit-jupiter-engine/5.9.2/junit-jupiter-engine-5.9.2.jar:/home/bartlomiejskoczylas/.m2/repository/org/junit/platform/junit-platform-engine/1.9.2/junit-platform-engine-1.9.2.jar:/home/bartlomiejskoczylas/.m2/repository/org/apiguardian/apiguardian-api/1.1.2/apiguardian-api-1.1.2.jar:/home/bartlomiejskoczylas/.m2/repository/org/openjfx/javafx-media/18.0.2/javafx-media-18.0.2.jar:/home/bartlomiejskoczylas/.m2/repository/org/mockito/mockito-core/5.4.0/mockito-core-5.4.0.jar:/home/bartlomiejskoczylas/.m2/repository/net/bytebuddy/byte-buddy/1.14.5/byte-buddy-1.14.5.jar:/home/bartlomiejskoczylas/.m2/repository/net/bytebuddy/byte-buddy-agent/1.14.5/byte-buddy-agent-1.14.5.jar:/home/bartlomiejskoczylas/.m2/repository/org/objenesis/objenesis/3.3/objenesis-3.3.jar:/home/bartlomiejskoczylas/.m2/repository/org/junit/jupiter/junit-jupiter-api/5.9.2/junit-jupiter-api-5.9.2.jar:/home/bartlomiejskoczylas/.m2/repository/org/opentest4j/opentest4j/1.2.0/opentest4j-1.2.0.jar:/home/bartlomiejskoczylas/.m2/repository/org/junit/platform/junit-platform-commons/1.9.2/junit-platform-commons-1.9.2.jar:"/>
    <property name="java.vm.vendor" value="Private Build"/>
    <property name="sun.arch.data.model" value="64"/>
    <property name="java.vendor.url" value="Unknown"/>
    <property name="user.timezone" value="Europe/Warsaw"/>
    <property name="os.name" value="Linux"/>
    <property name="java.vm.specification.version" value="18"/>
    <property name="sun.java.launcher" value="SUN_STANDARD"/>
    <property name="user.country" value="PL"/>
    <property name="sun.boot.library.path" value="/usr/lib/jvm/java-18-openjdk-amd64/lib"/>
    <property name="sun.java.command" value="org.apache.maven.surefire.booter.ForkedBooter /media/bartlomiejskoczylas/ksztalcenie/magisterka/Modelowanie_Wnioskowania_prawniczego/ModelingLegalReasoning/target/surefire 2023-08-27T01-01-46_383-jvmRun1 surefire-20230827010146587_1tmp surefire_0-20230827010146587_2tmp"/>
    <property name="jdk.debug" value="release"/>
    <property name="surefire.test.class.path" value="/media/bartlomiejskoczylas/ksztalcenie/magisterka/Modelowanie_Wnioskowania_prawniczego/ModelingLegalReasoning/target/test-classes:/home/bartlomiejskoczylas/.m2/repository/org/openjfx/javafx-controls/18.0.2/javafx-controls-18.0.2.jar:/home/bartlomiejskoczylas/.m2/repository/org/openjfx/javafx-graphics/18.0.2/javafx-graphics-18.0.2.jar:/home/bartlomiejskoczylas/.m2/repository/org/openjfx/javafx-base/18.0.2/javafx-base-18.0.2.jar:/home/bartlomiejskoczylas/.m2/repository/org/openjfx/javafx-fxml/18.0.2/javafx-fxml-18.0.2.jar:/home/bartlomiejskoczylas/.m2/repository/org/openjfx/javafx-web/18.0.2/javafx-web-18.0.2.jar:/home/bartlomiejskoczylas/.m2/repository/eu/hansolo/medusa/16.0.1/medusa-16.0.1.jar:/home/bartlomiejskoczylas/.m2/repository/org/apache/pdfbox/fontbox/2.0.24/fontbox-2.0.24.jar:/home/bartlomiejskoczylas/.m2/repository/commons-logging/commons-logging/1.2/commons-logging-1.2.jar:/home/bartlomiejskoczylas/.m2/repository/org/junit/jupiter/junit-jupiter-engine/5.9.2/junit-jupiter-engine-5.9.2.jar:/home/bartlomiejskoczylas/.m2/repository/org/junit/platform/junit-platform-engine/1.9.2/junit-platform-engine-1.9.2.jar:/home/bartlomiejskoczylas/.m2/repository/org/apiguardian/apiguardian-api/1.1.2/apiguardian-api-1.1.2.jar:/home/bartlomiejskoczylas/.m2/repository/org/openjfx/javafx-media/18.0.2/javafx-media-18.0.2.jar:/home/bartlomiejskoczylas/.m2/repository/org/mockito/mockito-core/5.4.0/mockito-core-5.4.0.jar:/home/bartlomiejskoczylas/.m2/repository/net/bytebuddy/byte-buddy/1.14.5/byte-buddy-1.14.5.jar:/home/bartlomiejskoczylas/.m2/repository/net/bytebuddy/byte-buddy-agent/1.14.5/byte-buddy-agent-1.14.5.jar:/home/bartlomiejskoczylas/.m2/repository/org/objenesis/objenesis/3.3/objenesis-3.3.jar:/home/bartlomiejskoczylas/.m2/repository/org/junit/jupiter/junit-jupiter-api/5.9.2/junit-jupiter-api-5.9.2.jar:/home/bartlomiejskoczylas/.m2/repository/org/opentest4j/opentest4j/1.2.0/opentest4j-1.2.0.jar:/home/bartlomiejskoczylas/.m2/repository/org/junit/platform/junit-platform-commons/1.9.2/junit-platform-commons-1.9.2.jar:"/>
    <property name="sun.cpu.endian" value="little"/>
    <property name="user.home" value="/home/bartlomiejskoczylas"/>
    <property name="user.language" value="pl"/>
    <property name="java.specification.vendor" value="Oracle Corporation"/>
    <property name="jdk.module.path" value="/media/bartlomiejskoczylas/ksztalcenie/magisterka/Modelowanie_Wnioskowania_prawniczego/ModelingLegalReasoning/target/classes:/home/bartlomiejskoczylas/.m2/repository/org/openjfx/javafx-controls/18.0.2/javafx-controls-18.0.2-linux.jar:/home/bartlomiejskoczylas/.m2/repository/org/openjfx/javafx-graphics/18.0.2/javafx-graphics-18.0.2-linux.jar:/home/bartlomiejskoczylas/.m2/repository/org/openjfx/javafx-base/18.0.2/javafx-base-18.0.2-linux.jar:/home/bartlomiejskoczylas/.m2/repository/org/openjfx/javafx-fxml/18.0.2/javafx-fxml-18.0.2-linux.jar:/home/bartlomiejskoczylas/.m2/repository/org/openjfx/javafx-web/18.0.2/javafx-web-18.0.2-linux.jar:/home/bartlomiejskoczylas/.m2/repository/org/controlsfx/controlsfx/11.1.2/controlsfx-11.1.2.jar:/home/bartlomiejskoczylas/.m2/repository/com/dlsc/formsfx/formsfx-core/11.6.0/formsfx-core-11.6.0.jar:/home/bartlomiejskoczylas/.m2/repository/org/kordamp/ikonli/ikonli-javafx/12.3.1/ikonli-javafx-12.3.1.jar:/home/bartlomiejskoczylas/.m2/repository/org/kordamp/ikonli/ikonli-core/12.3.1/ikonli-core-12.3.1.jar:/home/bartlomiejskoczylas/.m2/repository/org/kordamp/bootstrapfx/bootstrapfx-core/0.4.0/bootstrapfx-core-0.4.0.jar:/home/bartlomiejskoczylas/.m2/repository/org/apache/pdfbox/pdfbox/2.0.24/pdfbox-2.0.24.jar:/home/bartlomiejskoczylas/.m2/repository/org/openjfx/javafx-media/18.0.2/javafx-media-18.0.2-linux.jar"/>
    <property name="java.version.date" value="2022-07-19"/>
    <property name="java.home" value="/usr/lib/jvm/java-18-openjdk-amd64"/>
    <property name="file.separator" value="/"/>
    <property name="basedir" value="/media/bartlomiejskoczylas/ksztalcenie/magisterka/Modelowanie_Wnioskowania_prawniczego/ModelingLegalReasoning"/>
    <property name="java.vm.compressedOopsMode" value="32-bit"/>
    <property name="line.separator" value="&#10;"/>
    <property name="java.specification.name" value="Java Platform API Specification"/>
    <property name="java.vm.specification.vendor" value="Oracle Corporation"/>
    <property name="surefire.real.class.path" value="/home/bartlomiejskoczylas/.m2/repository/org/apache/maven/surefire/surefire-booter/3.0.0/surefire-booter-3.0.0.jar:/home/bartlomiejskoczylas/.m2/repository/org/apache/maven/surefire/surefire-api/3.0.0/surefire-api-3.0.0.jar:/home/bartlomiejskoczylas/.m2/repository/org/apache/maven/surefire/surefire-extensions-spi/3.0.0/surefire-extensions-spi-3.0.0.jar:/home/bartlomiejskoczylas/.m2/repository/org/apache/maven/surefire/surefire-logger-api/3.0.0/surefire-logger-api-3.0.0.jar:/home/bartlomiejskoczylas/.m2/repository/org/apache/maven/surefire/surefire-shared-utils/3.0.0/surefire-shared-utils-3.0.0.jar:/media/bartlomiejskoczylas/ksztalcenie/magisterka/Modelowanie_Wnioskowania_prawniczego/ModelingLegalReasoning/target/test-classes:/home/bartlomiejskoczylas/.m2/repository/org/openjfx/javafx-controls/18.0.2/javafx-controls-18.0.2.jar:/home/bartlomiejskoczylas/.m2/repository/org/openjfx/javafx-graphics/18.0.2/javafx-graphics-18.0.2.jar:/home/bartlomiejskoczylas/.m2/repository/org/openjfx/javafx-base/18.0.2/javafx-base-18.0.2.jar:/home/bartlomiejskoczylas/.m2/repository/org/openjfx/javafx-fxml/18.0.2/javafx-fxml-18.0.2.jar:/home/bartlomiejskoczylas/.m2/repository/org/openjfx/javafx-web/18.0.2/javafx-web-18.0.2.jar:/home/bartlomiejskoczylas/.m2/repository/eu/hansolo/medusa/16.0.1/medusa-16.0.1.jar:/home/bartlomiejskoczylas/.m2/repository/org/apache/pdfbox/fontbox/2.0.24/fontbox-2.0.24.jar:/home/bartlomiejskoczylas/.m2/repository/commons-logging/commons-logging/1.2/commons-logging-1.2.jar:/home/bartlomiejskoczylas/.m2/repository/org/junit/jupiter/junit-jupiter-engine/5.9.2/junit-jupiter-engine-5.9.2.jar:/home/bartlomiejskoczylas/.m2/repository/org/junit/platform/junit-platform-engine/1.9.2/junit-platform-engine-1.9.2.jar:/home/bartlomiejskoczylas/.m2/repository/org/apiguardian/apiguardian-api/1.1.2/apiguardian-api-1.1.2.jar:/home/bartlomiejskoczylas/.m2/repository/org/openjfx/javafx-media/18.0.2/javafx-media-18.0.2.jar:/home/bartlomiejskoczylas/.m2/repository/org/mockito/mockito-core/5.4.0/mockito-core-5.4.0.jar:/home/bartlomiejskoczylas/.m2/repository/net/bytebuddy/byte-buddy/1.14.5/byte-buddy-1.14.5.jar:/home/bartlomiejskoczylas/.m2/repository/net/bytebuddy/byte-buddy-agent/1.14.5/byte-buddy-agent-1.14.5.jar:/home/bartlomiejskoczylas/.m2/repository/org/objenesis/objenesis/3.3/objenesis-3.3.jar:/home/bartlomiejskoczylas/.m2/repository/org/junit/jupiter/junit-jupiter-api/5.9.2/junit-jupiter-api-5.9.2.jar:/home/bartlomiejskoczylas/.m2/repository/org/opentest4j/opentest4j/1.2.0/opentest4j-1.2.0.jar:/home/bartlomiejskoczylas/.m2/repository/org/junit/platform/junit-platform-commons/1.9.2/junit-platform-commons-1.9.2.jar:/home/bartlomiejskoczylas/.m2/repository/org/apache/maven/surefire/surefire-junit-platform/3.0.0/surefire-junit-platform-3.0.0.jar:/home/bartlomiejskoczylas/.m2/repository/org/apache/maven/surefire/common-java5/3.0.0/common-java5-3.0.0.jar:/home/bartlomiejskoczylas/.m2/repository/org/junit/platform/junit-platform-launcher/1.9.2/junit-platform-launcher-1.9.2.jar"/>
    <property name="sun.management.compiler" value="HotSpot 64-Bit Tiered Compilers"/>
    <property name="java.runtime.version" value="18.0.2-ea+9-Ubuntu-222.04"/>
    <property name="user.name" value="bartlomiejskoczylas"/>
    <property name="path.separator" value=":"/>
    <property name="os.version" value="6.2.0-26-generic"/>
    <property name="java.runtime.name" value="OpenJDK Runtime Environment"/>
    <property name="file.encoding" value="UTF-8"/>
    <property name="java.vm.name" value="OpenJDK 64-Bit Server VM"/>
    <property name="localRepository" value="/home/bartlomiejskoczylas/.m2/repository"/>
    <property name="java.vendor.url.bug" value="Unknown"/>
    <property name="java.io.tmpdir" value="/tmp"/>
    <property name="idea.version" value="2023.2.1"/>
    <property name="java.version" value="18.0.2-ea"/>
    <property name="user.dir" value="/media/bartlomiejskoczylas/ksztalcenie/magisterka/Modelowanie_Wnioskowania_prawniczego/ModelingLegalReasoning"/>
    <property name="os.arch" value="amd64"/>
    <property name="java.vm.specification.name" value="Java Virtual Machine Specification"/>
    <property name="native.encoding" value="UTF-8"/>
    <property name="java.library.path" value="/usr/java/packages/lib:/usr/lib/x86_64-linux-gnu/jni:/lib/x86_64-linux-gnu:/usr/lib/x86_64-linux-gnu:/usr/lib/jni:/lib:/usr/lib"/>
    <property name="java.vm.info" value="mixed mode"/>
    <property name="java.vendor" value="Private Build"/>
    <property name="java.vm.version" value="18.0.2-ea+9-Ubuntu-222.04"/>
    <property name="sun.io.unicode.encoding" value="UnicodeLittle"/>
    <property name="java.class.version" value="62.0"/>
  </properties>
  <testcase name="testNotifyObservers" classname="com.bskoczylas.modelinglegalreasoning.domain.models.facade.logicApp.agent.ListAgentTest" time="0.918"/>
  <testcase name="removeAgents" classname="com.bskoczylas.modelinglegalreasoning.domain.models.facade.logicApp.agent.ListAgentTest" time="0.002"/>
  <testcase name="testToString" classname="com.bskoczylas.modelinglegalreasoning.domain.models.facade.logicApp.agent.ListAgentTest" time="0.002"/>
  <testcase name="testObserverRegistration" classname="com.bskoczylas.modelinglegalreasoning.domain.models.facade.logicApp.agent.ListAgentTest" time="0.002"/>
  <testcase name="addAgents" classname="com.bskoczylas.modelinglegalreasoning.domain.models.facade.logicApp.agent.ListAgentTest" time="0.002"/>
  <testcase name="setListAgent" classname="com.bskoczylas.modelinglegalreasoning.domain.models.facade.logicApp.agent.ListAgentTest" time="0.002"/>
  <testcase name="testAgentEquals" classname="com.bskoczylas.modelinglegalreasoning.domain.models.facade.logicApp.agent.ListAgentTest" time="0.001"/>
  <testcase name="testGetAgents" classname="com.bskoczylas.modelinglegalreasoning.domain.models.facade.logicApp.agent.ListAgentTest" time="0.001"/>
</testsuite>