<?xml version="1.0" encoding="UTF-8"?>
<testsuite xmlns:xsi="http://www.w3.org/2001/XMLSchema-instance" xsi:noNamespaceSchemaLocation="https://maven.apache.org/surefire/maven-surefire-plugin/xsd/surefire-test-report-3.0.xsd" version="3.0" name="com.bskoczylas.modelinglegalreasoning.domain.models.facade.logicApp.proposition.PropositionTest" time="0.003" tests="4" errors="0" skipped="0" failures="0">
  <properties>
    <property name="sun.desktop" value="gnome"/>
    <property name="awt.toolkit" value="sun.awt.X11.XToolkit"/>
    <property name="java.specification.version" value="11"/>
    <property name="sun.cpu.isalist" value=""/>
    <property name="sun.jnu.encoding" value="UTF-8"/>
    <property name="java.class.path" value="/media/bartlomiejskoczylas/ksztalcenie/magisterka/Modelowanie_Wnioskowania_prawniczego/ModelingLegalReasoning/target/test-classes:/media/bartlomiejskoczylas/ksztalcenie/magisterka/Modelowanie_Wnioskowania_prawniczego/ModelingLegalReasoning/target/classes:/home/bartlomiejskoczylas/.m2/repository/org/openjfx/javafx-controls/18.0.2/javafx-controls-18.0.2.jar:/home/bartlomiejskoczylas/.m2/repository/org/openjfx/javafx-controls/18.0.2/javafx-controls-18.0.2-linux.jar:/home/bartlomiejskoczylas/.m2/repository/org/openjfx/javafx-graphics/18.0.2/javafx-graphics-18.0.2.jar:/home/bartlomiejskoczylas/.m2/repository/org/openjfx/javafx-graphics/18.0.2/javafx-graphics-18.0.2-linux.jar:/home/bartlomiejskoczylas/.m2/repository/org/openjfx/javafx-base/18.0.2/javafx-base-18.0.2.jar:/home/bartlomiejskoczylas/.m2/repository/org/openjfx/javafx-base/18.0.2/javafx-base-18.0.2-linux.jar:/home/bartlomiejskoczylas/.m2/repository/org/openjfx/javafx-fxml/18.0.2/javafx-fxml-18.0.2.jar:/home/bartlomiejskoczylas/.m2/repository/org/openjfx/javafx-fxml/18.0.2/javafx-fxml-18.0.2-linux.jar:/home/bartlomiejskoczylas/.m2/repository/org/openjfx/javafx-web/18.0.2/javafx-web-18.0.2.jar:/home/bartlomiejskoczylas/.m2/repository/org/openjfx/javafx-web/18.0.2/javafx-web-18.0.2-linux.jar:/home/bartlomiejskoczylas/.m2/repository/org/controlsfx/controlsfx/11.1.2/controlsfx-11.1.2.jar:/home/bartlomiejskoczylas/.m2/repository/com/dlsc/formsfx/formsfx-core/11.6.0/formsfx-core-11.6.0.jar:/home/bartlomiejskoczylas/.m2/repository/org/kordamp/ikonli/ikonli-javafx/12.3.1/ikonli-javafx-12.3.1.jar:/home/bartlomiejskoczylas/.m2/repository/org/kordamp/ikonli/ikonli-core/12.3.1/ikonli-core-12.3.1.jar:/home/bartlomiejskoczylas/.m2/repository/org/kordamp/bootstrapfx/bootstrapfx-core/0.4.0/bootstrapfx-core-0.4.0.jar:/home/bartlomiejskoczylas/.m2/repository/eu/hansolo/medusa/16.0.1/medusa-16.0.1.jar:/home/bartlomiejskoczylas/.m2/repository/org/apache/pdfbox/pdfbox/2.0.24/pdfbox-2.0.24.jar:/home/bartlomiejskoczylas/.m2/repository/org/apache/pdfbox/fontbox/2.0.24/fontbox-2.0.24.jar:/home/bartlomiejskoczylas/.m2/repository/commons-logging/commons-logging/1.2/commons-logging-1.2.jar:/home/bartlomiejskoczylas/.m2/repository/org/junit/jupiter/junit-jupiter-engine/5.9.2/junit-jupiter-engine-5.9.2.jar:/home/bartlomiejskoczylas/.m2/repository/org/junit/platform/junit-platform-engine/1.9.2/junit-platform-engine-1.9.2.jar:/home/bartlomiejskoczylas/.m2/repository/org/apiguardian/apiguardian-api/1.1.2/apiguardian-api-1.1.2.jar:/home/bartlomiejskoczylas/.m2/repository/org/openjfx/javafx-media/18.0.2/javafx-media-18.0.2.jar:/home/bartlomiejskoczylas/.m2/repository/org/openjfx/javafx-media/18.0.2/javafx-media-18.0.2-linux.jar:/home/bartlomiejskoczylas/.m2/repository/org/mockito/mockito-core/5.4.0/mockito-core-5.4.0.jar:/home/bartlomiejskoczylas/.m2/repository/net/bytebuddy/byte-buddy/1.14.5/byte-buddy-1.14.5.jar:/home/bartlomiejskoczylas/.m2/repository/net/bytebuddy/byte-buddy-agent/1.14.5/byte-buddy-agent-1.14.5.jar:/home/bartlomiejskoczylas/.m2/repository/org/objenesis/objenesis/3.3/objenesis-3.3.jar:/home/bartlomiejskoczylas/.m2/repository/org/junit/jupiter/junit-jupiter-api/5.9.2/junit-jupiter-api-5.9.2.jar:/home/bartlomiejskoczylas/.m2/repository/org/opentest4j/opentest4j/1.2.0/opentest4j-1.2.0.jar:/home/bartlomiejskoczylas/.m2/repository/org/junit/platform/junit-platform-commons/1.9.2/junit-platform-commons-1.9.2.jar:"/>
    <property name="java.vm.vendor" value="Ubuntu"/>
    <property name="sun.arch.data.model" value="64"/>
    <property name="java.vendor.url" value="https://ubuntu.com/"/>
    <property name="user.timezone" value="Europe/Warsaw"/>
    <property name="java.vm.specification.version" value="11"/>
    <property name="os.name" value="Linux"/>
    <property name="sun.java.launcher" value="SUN_STANDARD"/>
    <property name="user.country" value="PL"/>
    <property name="sun.boot.library.path" value="/usr/lib/jvm/java-11-openjdk-amd64/lib"/>
    <property name="sun.java.command" value="/media/bartlomiejskoczylas/ksztalcenie/magisterka/Modelowanie_Wnioskowania_prawniczego/ModelingLegalReasoning/target/surefire/surefirebooter-20230825220902000_3.jar /media/bartlomiejskoczylas/ksztalcenie/magisterka/Modelowanie_Wnioskowania_prawniczego/ModelingLegalReasoning/target/surefire 2023-08-25T22-09-01_922-jvmRun1 surefire-20230825220902000_1tmp surefire_0-20230825220902000_2tmp"/>
    <property name="jdk.debug" value="release"/>
    <property name="surefire.test.class.path" value="/media/bartlomiejskoczylas/ksztalcenie/magisterka/Modelowanie_Wnioskowania_prawniczego/ModelingLegalReasoning/target/test-classes:/media/bartlomiejskoczylas/ksztalcenie/magisterka/Modelowanie_Wnioskowania_prawniczego/ModelingLegalReasoning/target/classes:/home/bartlomiejskoczylas/.m2/repository/org/openjfx/javafx-controls/18.0.2/javafx-controls-18.0.2.jar:/home/bartlomiejskoczylas/.m2/repository/org/openjfx/javafx-controls/18.0.2/javafx-controls-18.0.2-linux.jar:/home/bartlomiejskoczylas/.m2/repository/org/openjfx/javafx-graphics/18.0.2/javafx-graphics-18.0.2.jar:/home/bartlomiejskoczylas/.m2/repository/org/openjfx/javafx-graphics/18.0.2/javafx-graphics-18.0.2-linux.jar:/home/bartlomiejskoczylas/.m2/repository/org/openjfx/javafx-base/18.0.2/javafx-base-18.0.2.jar:/home/bartlomiejskoczylas/.m2/repository/org/openjfx/javafx-base/18.0.2/javafx-base-18.0.2-linux.jar:/home/bartlomiejskoczylas/.m2/repository/org/openjfx/javafx-fxml/18.0.2/javafx-fxml-18.0.2.jar:/home/bartlomiejskoczylas/.m2/repository/org/openjfx/javafx-fxml/18.0.2/javafx-fxml-18.0.2-linux.jar:/home/bartlomiejskoczylas/.m2/repository/org/openjfx/javafx-web/18.0.2/javafx-web-18.0.2.jar:/home/bartlomiejskoczylas/.m2/repository/org/openjfx/javafx-web/18.0.2/javafx-web-18.0.2-linux.jar:/home/bartlomiejskoczylas/.m2/repository/org/controlsfx/controlsfx/11.1.2/controlsfx-11.1.2.jar:/home/bartlomiejskoczylas/.m2/repository/com/dlsc/formsfx/formsfx-core/11.6.0/formsfx-core-11.6.0.jar:/home/bartlomiejskoczylas/.m2/repository/org/kordamp/ikonli/ikonli-javafx/12.3.1/ikonli-javafx-12.3.1.jar:/home/bartlomiejskoczylas/.m2/repository/org/kordamp/ikonli/ikonli-core/12.3.1/ikonli-core-12.3.1.jar:/home/bartlomiejskoczylas/.m2/repository/org/kordamp/bootstrapfx/bootstrapfx-core/0.4.0/bootstrapfx-core-0.4.0.jar:/home/bartlomiejskoczylas/.m2/repository/eu/hansolo/medusa/16.0.1/medusa-16.0.1.jar:/home/bartlomiejskoczylas/.m2/repository/org/apache/pdfbox/pdfbox/2.0.24/pdfbox-2.0.24.jar:/home/bartlomiejskoczylas/.m2/repository/org/apache/pdfbox/fontbox/2.0.24/fontbox-2.0.24.jar:/home/bartlomiejskoczylas/.m2/repository/commons-logging/commons-logging/1.2/commons-logging-1.2.jar:/home/bartlomiejskoczylas/.m2/repository/org/junit/jupiter/junit-jupiter-engine/5.9.2/junit-jupiter-engine-5.9.2.jar:/home/bartlomiejskoczylas/.m2/repository/org/junit/platform/junit-platform-engine/1.9.2/junit-platform-engine-1.9.2.jar:/home/bartlomiejskoczylas/.m2/repository/org/apiguardian/apiguardian-api/1.1.2/apiguardian-api-1.1.2.jar:/home/bartlomiejskoczylas/.m2/repository/org/openjfx/javafx-media/18.0.2/javafx-media-18.0.2.jar:/home/bartlomiejskoczylas/.m2/repository/org/openjfx/javafx-media/18.0.2/javafx-media-18.0.2-linux.jar:/home/bartlomiejskoczylas/.m2/repository/org/mockito/mockito-core/5.4.0/mockito-core-5.4.0.jar:/home/bartlomiejskoczylas/.m2/repository/net/bytebuddy/byte-buddy/1.14.5/byte-buddy-1.14.5.jar:/home/bartlomiejskoczylas/.m2/repository/net/bytebuddy/byte-buddy-agent/1.14.5/byte-buddy-agent-1.14.5.jar:/home/bartlomiejskoczylas/.m2/repository/org/objenesis/objenesis/3.3/objenesis-3.3.jar:/home/bartlomiejskoczylas/.m2/repository/org/junit/jupiter/junit-jupiter-api/5.9.2/junit-jupiter-api-5.9.2.jar:/home/bartlomiejskoczylas/.m2/repository/org/opentest4j/opentest4j/1.2.0/opentest4j-1.2.0.jar:/home/bartlomiejskoczylas/.m2/repository/org/junit/platform/junit-platform-commons/1.9.2/junit-platform-commons-1.9.2.jar:"/>
    <property name="sun.cpu.endian" value="little"/>
    <property name="user.home" value="/home/bartlomiejskoczylas"/>
    <property name="user.language" value="pl"/>
    <property name="java.specification.vendor" value="Oracle Corporation"/>
    <property name="java.version.date" value="2023-07-18"/>
    <property name="java.home" value="/usr/lib/jvm/java-11-openjdk-amd64"/>
    <property name="file.separator" value="/"/>
    <property name="basedir" value="/media/bartlomiejskoczylas/ksztalcenie/magisterka/Modelowanie_Wnioskowania_prawniczego/ModelingLegalReasoning"/>
    <property name="java.vm.compressedOopsMode" value="32-bit"/>
    <property name="line.separator" value="&#10;"/>
    <property name="java.specification.name" value="Java Platform API Specification"/>
    <property name="java.vm.specification.vendor" value="Oracle Corporation"/>
    <property name="java.awt.graphicsenv" value="sun.awt.X11GraphicsEnvironment"/>
    <property name="surefire.real.class.path" value="/media/bartlomiejskoczylas/ksztalcenie/magisterka/Modelowanie_Wnioskowania_prawniczego/ModelingLegalReasoning/target/surefire/surefirebooter-20230825220902000_3.jar"/>
    <property name="sun.management.compiler" value="HotSpot 64-Bit Tiered Compilers"/>
    <property name="java.runtime.version" value="11.0.20+8-post-Ubuntu-1ubuntu122.04"/>
    <property name="user.name" value="bartlomiejskoczylas"/>
    <property name="path.separator" value=":"/>
    <property name="os.version" value="6.2.0-26-generic"/>
    <property name="java.runtime.name" value="OpenJDK Runtime Environment"/>
    <property name="file.encoding" value="UTF-8"/>
    <property name="java.vm.name" value="OpenJDK 64-Bit Server VM"/>
    <property name="localRepository" value="/home/bartlomiejskoczylas/.m2/repository"/>
    <property name="java.vendor.url.bug" value="https://bugs.launchpad.net/ubuntu/+source/openjdk-lts"/>
    <property name="java.io.tmpdir" value="/tmp"/>
    <property name="idea.version" value="2023.2.1"/>
    <property name="java.version" value="11.0.20"/>
    <property name="user.dir" value="/media/bartlomiejskoczylas/ksztalcenie/magisterka/Modelowanie_Wnioskowania_prawniczego/ModelingLegalReasoning"/>
    <property name="os.arch" value="amd64"/>
    <property name="java.vm.specification.name" value="Java Virtual Machine Specification"/>
    <property name="java.awt.printerjob" value="sun.print.PSPrinterJob"/>
    <property name="sun.os.patch.level" value="unknown"/>
    <property name="java.library.path" value="/usr/java/packages/lib:/usr/lib/x86_64-linux-gnu/jni:/lib/x86_64-linux-gnu:/usr/lib/x86_64-linux-gnu:/usr/lib/jni:/lib:/usr/lib"/>
    <property name="java.vm.info" value="mixed mode, sharing"/>
    <property name="java.vendor" value="Ubuntu"/>
    <property name="java.vm.version" value="11.0.20+8-post-Ubuntu-1ubuntu122.04"/>
    <property name="java.specification.maintenance.version" value="2"/>
    <property name="sun.io.unicode.encoding" value="UnicodeLittle"/>
    <property name="java.class.version" value="55.0"/>
  </properties>
  <testcase name="testFormattedCreated" classname="com.bskoczylas.modelinglegalreasoning.domain.models.facade.logicApp.proposition.PropositionTest" time="0.001"/>
  <testcase name="testGettersAndSetters" classname="com.bskoczylas.modelinglegalreasoning.domain.models.facade.logicApp.proposition.PropositionTest" time="0"/>
  <testcase name="testConstructors" classname="com.bskoczylas.modelinglegalreasoning.domain.models.facade.logicApp.proposition.PropositionTest" time="0"/>
  <testcase name="testEquals" classname="com.bskoczylas.modelinglegalreasoning.domain.models.facade.logicApp.proposition.PropositionTest" time="0.001"/>
</testsuite>